<?xml version="1.0" encoding="UTF-8"?>
<testng-results ignored="0" total="0" passed="0" failed="0" skipped="0">
  <reporter-output>
  </reporter-output>
  <suite started-at="2022-08-19T16:01:44 NDT" name="com.keyin.test.TreeTest" finished-at="2022-08-19T16:01:44 NDT" duration-ms="17">
    <groups>
    </groups>
    <test started-at="2022-08-19T16:01:44 NDT" name="Command line test" finished-at="2022-08-19T16:01:44 NDT" duration-ms="17">
    </test> <!-- Command line test -->
  </suite> <!-- com.keyin.test.TreeTest -->
</testng-results>
